C51 COMPILER V9.53.0.0   UART_RX                                                           12/29/2018 15:48:36 PAGE 1   


C51 COMPILER V9.53.0.0, COMPILATION OF MODULE UART_RX
OBJECT MODULE PLACED IN UART_RX.OBJ
COMPILER INVOKED BY: C:\Keil_v5\C51\BIN\C51.EXE UART_RX.c OPTIMIZE(8,SPEED) BROWSE DEBUG OBJECTEXTEND TABS(2)

line level    source

   1          #include<reg51.h>
   2          #include "8051_delay.h"
   3          #include "LCD_4_BIT_HEADER_FILE.h"
   4          
   5          void Uart_Intialization()
   6          {
   7   1        TMOD = 0x20;
   8   1        SCON = 0x50;
   9   1        TH1  = 0xFD;
  10   1        TL1  = 0xFD;
  11   1        TR1  = 1;
  12   1      }
  13          
  14          unsigned char RX()
  15          {
  16   1        while(!RI);
  17   1        RI = 0;
  18   1        return SBUF;
  19   1      }
  20          
  21          void main()
  22          {
  23   1        char Ch;
  24   1        
  25   1        Lcd_Intialization();
  26   1        Uart_Intialization();
  27   1      
  28   1        Lcd_Command(0x80);
  29   1        Lcd_String("LYCA SOFT");
  30   1        
  31   1        Lcd_Command(0xC0);
  32   1        while(1)
  33   1        {
  34   2          Ch = RX();
  35   2          
  36   2          Lcd_Data(Ch);
  37   2          
  38   2          if(Ch == 0x0d)
  39   2          {
  40   3            Lcd_Command(0xC0);
  41   3            Lcd_String("                ");
  42   3            Lcd_Command(0xC0);
  43   3          }
  44   2        }
  45   1      }


MODULE INFORMATION:   STATIC OVERLAYABLE
   CODE SIZE        =    243    ----
   CONSTANT SIZE    =     27    ----
   XDATA SIZE       =   ----    ----
   PDATA SIZE       =   ----    ----
   DATA SIZE        =   ----       4
   IDATA SIZE       =   ----    ----
   BIT SIZE         =   ----    ----
C51 COMPILER V9.53.0.0   UART_RX                                                           12/29/2018 15:48:36 PAGE 2   

END OF MODULE INFORMATION.


C51 COMPILATION COMPLETE.  0 WARNING(S),  0 ERROR(S)
